<?xml version="1.0" encoding="UTF-8"?>
<!-- Generated by org.testng.reporters.JUnitReportReporter -->
<testsuite skipped="0" hostname="dhrub" name="com.crm.qa.testcases.ContactsPageTest" tests="1" failures="0" timestamp="2021-02-22T14:58:24 CST" time="15.850" errors="0">
  <testcase name="verifyContactsPageLabel" time="15.850" classname="com.crm.qa.testcases.ContactsPageTest"/>
  <system-out/>
</testsuite> <!-- com.crm.qa.testcases.ContactsPageTest -->
