<?xml version="1.0" encoding="UTF-8"?>
<!-- Generated by org.testng.reporters.JUnitReportReporter -->
<testsuite skipped="0" hostname="dhrub" name="com.crm.qa.testcases.LoginPageTest" tests="3" failures="0" timestamp="2021-02-11T15:39:44 CST" time="20.311" errors="0">
  <testcase name="loginTest" time="10.247" classname="com.crm.qa.testcases.LoginPageTest"/>
  <system-out/>
  <testcase name="crmLogoImageTest" time="5.064" classname="com.crm.qa.testcases.LoginPageTest"/>
  <system-out/>
  <testcase name="loginPageTitleTest" time="5.000" classname="com.crm.qa.testcases.LoginPageTest"/>
  <system-out/>
</testsuite> <!-- com.crm.qa.testcases.LoginPageTest -->
