<?xml version="1.0" encoding="UTF-8"?>
<!-- Generated by org.testng.reporters.JUnitReportReporter -->
<testsuite skipped="0" hostname="dhrub" name="com.crm.qa.testcases.ContactsPageTest" tests="1" failures="0" timestamp="2021-02-04T17:05:42 CST" time="11.549" errors="0">
  <testcase name="verifyContactsPageLabel" time="11.549" classname="com.crm.qa.testcases.ContactsPageTest"/>
  <system-out/>
</testsuite> <!-- com.crm.qa.testcases.ContactsPageTest -->
